\BOOKMARK [0][-]{chapter.1}{\376\377\000B\000e\000n\000c\000h\000m\000a\000r\000k\000\040\000N\000b\000o\000d\000y}{}% 1
\BOOKMARK [1][-]{section.1.1}{\376\377\000S\000i\000s\000t\000e\000m\000i}{chapter.1}% 2
\BOOKMARK [2][-]{subsection.1.1.1}{\376\377\000S\000i\000s\000t\000e\000m\000a\000\040\0001}{section.1.1}% 3
\BOOKMARK [2][-]{subsection.1.1.2}{\376\377\000S\000i\000s\000t\000e\000m\000a\000\040\0002}{section.1.1}% 4
\BOOKMARK [1][-]{section.1.2}{\376\377\000T\000e\000s\000t\000\040\000e\000\040\000R\000i\000s\000u\000l\000t\000a\000t\000i}{chapter.1}% 5
\BOOKMARK [0][-]{chapter.2}{\376\377\000W\000o\000r\000k\000l\000o\000a\000d\000\040\000C\000h\000a\000r\000a\000c\000t\000e\000r\000i\000z\000a\000t\000i\000o\000n}{}% 6
\BOOKMARK [1][-]{section.2.1}{\376\377\000F\000i\000l\000t\000r\000a\000g\000g\000i\000o}{chapter.2}% 7
\BOOKMARK [2][-]{subsection.2.1.1}{\376\377\000C\000o\000l\000o\000n\000n\000e\000\040\000I\000d\000e\000n\000t\000i\000c\000h\000e}{section.2.1}% 8
\BOOKMARK [2][-]{subsection.2.1.2}{\376\377\000O\000u\000t\000l\000i\000e\000r}{section.2.1}% 9
\BOOKMARK [1][-]{section.2.2}{\376\377\000P\000C\000A}{chapter.2}% 10
\BOOKMARK [1][-]{section.2.3}{\376\377\000C\000l\000u\000s\000t\000e\000r\000i\000n\000g}{chapter.2}% 11
\BOOKMARK [2][-]{subsection.2.3.1}{\376\377\0004\000\040\000C\000o\000m\000p\000o\000n\000e\000n\000t\000i\000\040\000P\000r\000i\000n\000c\000i\000p\000a\000l\000i}{section.2.3}% 12
\BOOKMARK [2][-]{subsection.2.3.2}{\376\377\0005\000\040\000C\000o\000m\000p\000o\000n\000e\000n\000t\000i\000\040\000P\000r\000i\000n\000c\000i\000p\000a\000l\000i}{section.2.3}% 13
\BOOKMARK [2][-]{subsection.2.3.3}{\376\377\0006\000\040\000C\000o\000m\000p\000o\000n\000e\000n\000t\000i\000\040\000P\000r\000i\000n\000c\000i\000p\000a\000l\000i}{section.2.3}% 14
\BOOKMARK [2][-]{subsection.2.3.4}{\376\377\000I\000n\000t\000e\000r\000p\000r\000e\000t\000a\000z\000i\000o\000n\000e}{section.2.3}% 15
\BOOKMARK [1][-]{section.2.4}{\376\377\000W\000o\000r\000k\000l\000o\000a\000d\000\040\000S\000i\000n\000t\000e\000t\000i\000c\000o}{chapter.2}% 16
\BOOKMARK [0][-]{chapter.3}{\376\377\000W\000e\000b\000\040\000S\000e\000r\000v\000e\000r\000\040\000-\000\040\000C\000a\000p\000a\000c\000i\000t\000y\000\040\000T\000e\000s\000t}{}% 17
\BOOKMARK [1][-]{section.3.1}{\376\377\000E\000x\000p\000e\000r\000i\000m\000e\000n\000t\000a\000l\000\040\000S\000e\000t\000u\000p}{chapter.3}% 18
\BOOKMARK [2][-]{subsection.3.1.1}{\376\377\000S\000e\000r\000v\000e\000r\000\040\000S\000e\000t\000u\000p}{section.3.1}% 19
\BOOKMARK [2][-]{subsection.3.1.2}{\376\377\000C\000l\000i\000e\000n\000t\000s\000\040\000S\000e\000t\000u\000p\000\040\000-\000\040\000J\000M\000e\000t\000e\000r}{section.3.1}% 20
\BOOKMARK [1][-]{section.3.2}{\376\377\000E\000s\000e\000c\000u\000z\000i\000o\000n\000e\000\040\000C\000a\000p\000a\000c\000i\000t\000y\000\040\000T\000e\000s\000t}{chapter.3}% 21
\BOOKMARK [2][-]{subsection.3.2.1}{\376\377\000R\000i\000s\000u\000l\000t\000a\000t\000i}{section.3.2}% 22
\BOOKMARK [0][-]{chapter.4}{\376\377\000W\000e\000b\000\040\000S\000e\000r\000v\000e\000r\000\040\000-\000\040\000W\000o\000r\000k\000l\000o\000a\000d\000\040\000C\000h\000a\000r\000a\000c\000t\000e\000r\000i\000z\000a\000t\000i\000o\000n}{}% 23
\BOOKMARK [1][-]{section.4.1}{\376\377\000R\000e\000a\000l\000-\000f\000i\000e\000l\000d\000\040\000W\000o\000r\000k\000l\000o\000a\000d}{chapter.4}% 24
\BOOKMARK [2][-]{subsection.4.1.1}{\376\377\000S\000e\000r\000v\000e\000r}{section.4.1}% 25
\BOOKMARK [2][-]{subsection.4.1.2}{\376\377\000C\000l\000i\000e\000n\000t\000\040\000-\000\040\000J\000M\000e\000t\000e\000r}{section.4.1}% 26
\BOOKMARK [2][-]{subsection.4.1.3}{\376\377\000W\000o\000r\000k\000l\000o\000a\000d\000\040\000C\000h\000a\000r\000a\000c\000t\000e\000r\000i\000z\000a\000t\000i\000o\000n}{section.4.1}% 27
\BOOKMARK [1][-]{section.4.2}{\376\377\000S\000y\000n\000t\000h\000e\000t\000i\000c\000\040\000W\000o\000r\000k\000l\000o\000a\000d}{chapter.4}% 28
\BOOKMARK [2][-]{subsection.4.2.1}{\376\377\000S\000e\000r\000v\000e\000r}{section.4.2}% 29
\BOOKMARK [2][-]{subsection.4.2.2}{\376\377\000C\000l\000i\000e\000n\000t\000\040\000-\000\040\000J\000M\000e\000t\000e\000r}{section.4.2}% 30
\BOOKMARK [2][-]{subsection.4.2.3}{\376\377\000W\000o\000r\000k\000l\000o\000a\000d\000\040\000C\000h\000a\000r\000a\000c\000t\000e\000r\000i\000z\000a\000t\000i\000o\000n}{section.4.2}% 31
\BOOKMARK [1][-]{section.4.3}{\376\377\000D\000a\000t\000a\000\040\000V\000a\000l\000i\000d\000a\000t\000i\000o\000n}{chapter.4}% 32
\BOOKMARK [2][-]{subsection.4.3.1}{\376\377\000N\000o\000r\000m\000a\000l\000i\000t\000\340}{section.4.3}% 33
\BOOKMARK [2][-]{subsection.4.3.2}{\376\377\000O\000m\000o\000s\000c\000h\000e\000d\000a\000s\000t\000i\000c\000i\000t\000\340}{section.4.3}% 34
\BOOKMARK [2][-]{subsection.4.3.3}{\376\377\000V\000a\000l\000i\000d\000a\000z\000i\000o\000n\000e}{section.4.3}% 35
\BOOKMARK [0][-]{chapter.5}{\376\377\000W\000e\000b\000\040\000S\000e\000r\000v\000e\000r\000\040\000-\000\040\000D\000e\000s\000i\000g\000n\000\040\000o\000f\000\040\000E\000x\000p\000e\000r\000i\000m\000e\000n\000t}{}% 36
\BOOKMARK [1][-]{section.5.1}{\376\377\000D\000e\000s\000i\000g\000n}{chapter.5}% 37
\BOOKMARK [2][-]{subsection.5.1.1}{\376\377\000C\000l\000i\000e\000n\000t\000\040\000-\000\040\000J\000M\000e\000t\000e\000r}{section.5.1}% 38
\BOOKMARK [1][-]{section.5.2}{\376\377\000A\000n\000a\000l\000i\000s\000i}{chapter.5}% 39
\BOOKMARK [2][-]{subsection.5.2.1}{\376\377\000M\000o\000d\000e\000l\000l\000o}{section.5.2}% 40
\BOOKMARK [2][-]{subsection.5.2.2}{\376\377\000I\000m\000p\000o\000r\000t\000a\000n\000z\000a\000\040\000-\000\040\000A\000l\000l\000o\000c\000a\000t\000i\000o\000n\000\040\000o\000f\000\040\000V\000a\000r\000i\000a\000t\000i\000o\000n}{section.5.2}% 41
\BOOKMARK [2][-]{subsection.5.2.3}{\376\377\000S\000i\000g\000n\000i\000f\000i\000c\000a\000t\000i\000v\000i\000t\000\340\000\040\000-\000\040\000A\000n\000a\000l\000y\000s\000i\000s\000\040\000o\000f\000\040\000V\000a\000r\000i\000a\000n\000c\000e}{section.5.2}% 42
